<?xml version="1.0" encoding="UTF-8"?>
<!-- Generated by org.testng.reporters.JUnitReportReporter -->
<testsuite hostname="H-ElFekey-Laptop" failures="0" tests="1" name="All_cucumber_components.CucumberRunner$CucumberRunnerTests" time="28.127" errors="0" timestamp="2024-01-11T13:42:13 EET" skipped="0">
  <testcase classname="All_cucumber_components.CucumberRunner$CucumberRunnerTests" name="runScenario" time="28.127"/>
  <system-out/>
</testsuite> <!-- All_cucumber_components.CucumberRunner$CucumberRunnerTests -->
